Using pre-set license
Built from '2020.3/staging' branch; Version is '2020.3.13f1 (71691879b7f5) revision 7432472'; Using compiler version '192528614'; Build Type 'Release'
OS: 'Windows 10 Home; OS build 19041.1415; Version 2004; 64bit' Language: 'ko' Physical Memory: 8080 MB
BatchMode: 1, IsHumanControllingUs: 0, StartBugReporterOnCrash: 0, Is64bit: 1, IsPro: 0

 COMMAND LINE ARGUMENTS:
C:\Program Files\Unity\Hub\Editor\2020.3.13f1\Editor\Unity.exe
-adb2
-batchMode
-noUpm
-name
AssetImportWorker6
-projectPath
D:/shader_Graph_Test/Shader_practice
-logFile
Logs/AssetImportWorker6.log
-srvPort
5428
Successfully changed project path to: D:/shader_Graph_Test/Shader_practice
D:/shader_Graph_Test/Shader_practice
Using Asset Import Pipeline V2.
Refreshing native plugins compatible for Editor in 56.88 ms, found 2 plugins.
Preloading 0 native plugins for Editor in 0.00 ms.
Initialize engine version: 2020.3.13f1 (71691879b7f5)
[Subsystems] Discovering subsystems at path C:/Program Files/Unity/Hub/Editor/2020.3.13f1/Editor/Data/Resources/UnitySubsystems
[Subsystems] Discovering subsystems at path D:/shader_Graph_Test/Shader_practice/Assets
GfxDevice: creating device client; threaded=0
Direct3D:
    Version:  Direct3D 11.0 [level 11.0]
    Renderer: NVIDIA GeForce GTX 960M (ID=0x139b)
    Vendor:   
    VRAM:     4055 MB
    Driver:   30.0.14.9709
Initialize mono
Mono path[0] = 'C:/Program Files/Unity/Hub/Editor/2020.3.13f1/Editor/Data/Managed'
Mono path[1] = 'C:/Program Files/Unity/Hub/Editor/2020.3.13f1/Editor/Data/MonoBleedingEdge/lib/mono/unityjit'
Mono config path = 'C:/Program Files/Unity/Hub/Editor/2020.3.13f1/Editor/Data/MonoBleedingEdge/etc'
Using monoOptions --debugger-agent=transport=dt_socket,embedding=1,server=y,suspend=n,address=127.0.0.1:56952
Begin MonoManager ReloadAssembly
Registering precompiled unity dll's ...
Register platform support module: C:/Program Files/Unity/Hub/Editor/2020.3.13f1/Editor/Data/PlaybackEngines/WindowsStandaloneSupport/UnityEditor.WindowsStandalone.Extensions.dll
Registered in 0.003425 seconds.
Native extension for WindowsStandalone target not found
Refreshing native plugins compatible for Editor in 71.33 ms, found 2 plugins.
Preloading 0 native plugins for Editor in 0.00 ms.
Mono: successfully reloaded assembly
- Completed reload, in  3.926 seconds
Platform modules already initialized, skipping
Registering precompiled user dll's ...
Registered in 0.005356 seconds.
Begin MonoManager ReloadAssembly
Native extension for WindowsStandalone target not found
Refreshing native plugins compatible for Editor in 209.28 ms, found 2 plugins.
Preloading 0 native plugins for Editor in 0.00 ms.
Mono: successfully reloaded assembly
- Completed reload, in  6.696 seconds
Platform modules already initialized, skipping
========================================================================
Worker process is ready to serve import requests
Shader 'Universal Render Pipeline/Particles/Lit': fallback shader 'Universal Render Pipeline/Particles/SimpleLit' not found
Shader 'Universal Render Pipeline/Particles/Lit': fallback shader 'Universal Render Pipeline/Particles/SimpleLit' not found
Launched and connected shader compiler UnityShaderCompiler.exe after 0.16 seconds
Refreshing native plugins compatible for Editor in 0.54 ms, found 2 plugins.
Preloading 0 native plugins for Editor in 0.00 ms.
Unloading 2696 Unused Serialized files (Serialized files now loaded: 0)
System memory in use before: 121.6 MB.
System memory in use after: 118.8 MB.

Unloading 54 unused Assets to reduce memory usage. Loaded Objects now: 3093.
Total: 5.297800 ms (FindLiveObjects: 0.380200 ms CreateObjectMapping: 0.173800 ms MarkObjects: 2.747300 ms  DeleteObjects: 1.994900 ms)

AssetImportParameters requested are different than current active one (requested -> active):
  custom:framework-win-MediaFoundation: 216162199b28c13a410421893ffa2e32 -> 
  custom:video-decoder-ogg-theora: a1e56fd34408186e4bbccfd4996cb3dc -> 
  custom:container-muxer-webm: aa71ff27fc2769a1b78a27578f13a17b -> 
  custom:container-demuxer-webm: 4f35f7cbe854078d1ac9338744f61a02 -> 
  custom:container-demuxer-ogg: 62fdf1f143b41e24485cea50d1cbac27 -> 
  custom:video-encoder-webm-vp8: eb34c28f22e8b96e1ab97ce403110664 -> 
  custom:video-codec-MediaFoundation-h265: 746d11721c4dcdbdad8f713fa42b33f4 -> 
  custom:video-decoder-webm-vp8: 9c59270c3fd7afecdb556c50c9e8de78 -> 
  custom:audio-decoder-ogg-vorbis: bf7c407c2cedff20999df2af8eb42d56 -> 
  custom:audio-encoder-webm-vorbis: bf7c407c2cedff20999df2af8eb42d56 -> 
========================================================================
Received Import Request.
  path: Assets/Readme.asset
  artifactKey: Guid(83c2ed844a8c74b779a4c823d16594b1) Importer(815301076,1909f56bfc062723c751e8b465ee728b)
Start importing Assets/Readme.asset using Guid(83c2ed844a8c74b779a4c823d16594b1) Importer(815301076,1909f56bfc062723c751e8b465ee728b)  -> (artifact id: '8ffd2c44ffeb50c574abb5d0c4453328') in 0.149925 seconds 
  Import took 0.181829 seconds .

========================================================================
Received Import Request.
  Time since last request: 235.552690 seconds.
  path: Packages/com.unity.render-pipelines.universal/Runtime/Materials/ParticlesUnlit.mat
  artifactKey: Guid(e823cd5b5d27c0f4b8256e7c12ee3e6d) Importer(815301076,1909f56bfc062723c751e8b465ee728b)
Start importing Packages/com.unity.render-pipelines.universal/Runtime/Materials/ParticlesUnlit.mat using Guid(e823cd5b5d27c0f4b8256e7c12ee3e6d) Importer(815301076,1909f56bfc062723c751e8b465ee728b)  -> (artifact id: 'a6d3bac30e0c3da08768836858914317') in 2.584779 seconds 
  Import took 2.595494 seconds .

========================================================================
Received Import Request.
  Time since last request: 33.142504 seconds.
  path: Assets
  artifactKey: Guid(00000000000000001000000000000000) Importer(815301076,1909f56bfc062723c751e8b465ee728b)
Start importing Assets using Guid(00000000000000001000000000000000) Importer(815301076,1909f56bfc062723c751e8b465ee728b)  -> (artifact id: '42d402b061de3733987d63b9cc3b64de') in 0.514482 seconds 
  Import took 0.535157 seconds .

========================================================================
Received Import Request.
  Time since last request: 5.383338 seconds.
  path: Assets/Shader
  artifactKey: Guid(91112f0b5efaf79449617c3abb45eebf) Importer(815301076,1909f56bfc062723c751e8b465ee728b)
Start importing Assets/Shader using Guid(91112f0b5efaf79449617c3abb45eebf) Importer(815301076,1909f56bfc062723c751e8b465ee728b)  -> (artifact id: '4de720f0404a5e374eb0ade96bd116c0') in 0.025805 seconds 
  Import took 0.035529 seconds .

========================================================================
Received Import Request.
  Time since last request: 20.718584 seconds.
  path: Assets/Shader/Barrier_Shader.shadergraph
  artifactKey: Guid(c82fc7c482f221d4e974ef6c96166cc8) Importer(815301076,1909f56bfc062723c751e8b465ee728b)
Start importing Assets/Shader/Barrier_Shader.shadergraph using Guid(c82fc7c482f221d4e974ef6c96166cc8) Importer(815301076,1909f56bfc062723c751e8b465ee728b)  -> (artifact id: 'cb016b7e5a4ed6d85add9f9e38ef1727') in 0.015354 seconds 
  Import took 0.021080 seconds .

========================================================================
Received Import Request.
  Time since last request: 4.612046 seconds.
  path: Assets/Shader/Barrier_Shader.shadergraph
  artifactKey: Guid(c82fc7c482f221d4e974ef6c96166cc8) Importer(815301076,1909f56bfc062723c751e8b465ee728b)
Start importing Assets/Shader/Barrier_Shader.shadergraph using Guid(c82fc7c482f221d4e974ef6c96166cc8) Importer(815301076,1909f56bfc062723c751e8b465ee728b)  -> (artifact id: 'cb016b7e5a4ed6d85add9f9e38ef1727') in 0.005902 seconds 
  Import took 0.015860 seconds .

AssetImportWorkerClient::OnTransportError - code=2 error=End of file
