Using pre-set license
Built from '2020.3/staging' branch; Version is '2020.3.13f1 (71691879b7f5) revision 7432472'; Using compiler version '192528614'; Build Type 'Release'
OS: 'Windows 10 Education; OS build 19041.1415; Version 2004; 64bit' Language: 'ko' Physical Memory: 32706 MB
BatchMode: 1, IsHumanControllingUs: 0, StartBugReporterOnCrash: 0, Is64bit: 1, IsPro: 0

 COMMAND LINE ARGUMENTS:
C:\Program Files\2020.3.13f1\Editor\Unity.exe
-adb2
-batchMode
-noUpm
-name
AssetImportWorker0
-projectPath
E:/쉐이더 테스트/shader_Graph_Test/Shader_practice
-logFile
Logs/AssetImportWorker0.log
-srvPort
64499
Successfully changed project path to: E:/쉐이더 테스트/shader_Graph_Test/Shader_practice
E:/쉐이더 테스트/shader_Graph_Test/Shader_practice
Using Asset Import Pipeline V2.
Refreshing native plugins compatible for Editor in 56.80 ms, found 2 plugins.
Preloading 0 native plugins for Editor in 0.00 ms.
Initialize engine version: 2020.3.13f1 (71691879b7f5)
[Subsystems] Discovering subsystems at path C:/Program Files/2020.3.13f1/Editor/Data/Resources/UnitySubsystems
[Subsystems] Discovering subsystems at path E:/쉐이더 테스트/shader_Graph_Test/Shader_practice/Assets
GfxDevice: creating device client; threaded=0
Direct3D:
    Version:  Direct3D 11.0 [level 11.1]
    Renderer: NVIDIA GeForce GTX 1050 Ti (ID=0x1c82)
    Vendor:   
    VRAM:     4018 MB
    Driver:   30.0.14.7111
Shader 'Universal Render Pipeline/Particles/Lit': fallback shader 'Universal Render Pipeline/Particles/SimpleLit' not found
Initialize mono
Mono path[0] = 'C:/Program Files/2020.3.13f1/Editor/Data/Managed'
Mono path[1] = 'C:/Program Files/2020.3.13f1/Editor/Data/MonoBleedingEdge/lib/mono/unityjit'
Mono config path = 'C:/Program Files/2020.3.13f1/Editor/Data/MonoBleedingEdge/etc'
Using monoOptions --debugger-agent=transport=dt_socket,embedding=1,server=y,suspend=n,address=127.0.0.1:56392
Begin MonoManager ReloadAssembly
Registering precompiled unity dll's ...
Register platform support module: C:/Program Files/2020.3.13f1/Editor/Data/PlaybackEngines/WindowsStandaloneSupport/UnityEditor.WindowsStandalone.Extensions.dll
Registered in 0.002471 seconds.
Native extension for WindowsStandalone target not found
Refreshing native plugins compatible for Editor in 65.65 ms, found 2 plugins.
Preloading 0 native plugins for Editor in 0.00 ms.
Mono: successfully reloaded assembly
- Completed reload, in  2.265 seconds
Platform modules already initialized, skipping
Registering precompiled user dll's ...
Registered in 0.005939 seconds.
Begin MonoManager ReloadAssembly
Native extension for WindowsStandalone target not found
Refreshing native plugins compatible for Editor in 52.39 ms, found 2 plugins.
Preloading 0 native plugins for Editor in 0.00 ms.
Mono: successfully reloaded assembly
- Completed reload, in  1.157 seconds
Platform modules already initialized, skipping
========================================================================
Worker process is ready to serve import requests
Shader 'Universal Render Pipeline/Particles/Lit': fallback shader 'Universal Render Pipeline/Particles/SimpleLit' not found
Launched and connected shader compiler UnityShaderCompiler.exe after 0.05 seconds
Refreshing native plugins compatible for Editor in 0.84 ms, found 2 plugins.
Preloading 0 native plugins for Editor in 0.00 ms.
Unloading 3223 Unused Serialized files (Serialized files now loaded: 0)
System memory in use before: 141.2 MB.
System memory in use after: 141.4 MB.

Unloading 19 unused Assets to reduce memory usage. Loaded Objects now: 3656.
Total: 2.605800 ms (FindLiveObjects: 0.289900 ms CreateObjectMapping: 0.124300 ms MarkObjects: 2.123700 ms  DeleteObjects: 0.066700 ms)

AssetImportParameters requested are different than current active one (requested -> active):
  custom:framework-win-MediaFoundation: 216162199b28c13a410421893ffa2e32 -> 
  custom:video-decoder-ogg-theora: a1e56fd34408186e4bbccfd4996cb3dc -> 
  custom:container-muxer-webm: aa71ff27fc2769a1b78a27578f13a17b -> 
  custom:container-demuxer-webm: 4f35f7cbe854078d1ac9338744f61a02 -> 
  custom:container-demuxer-ogg: 62fdf1f143b41e24485cea50d1cbac27 -> 
  custom:video-encoder-webm-vp8: eb34c28f22e8b96e1ab97ce403110664 -> 
  custom:video-decoder-webm-vp8: 9c59270c3fd7afecdb556c50c9e8de78 -> 
  custom:audio-decoder-ogg-vorbis: bf7c407c2cedff20999df2af8eb42d56 -> 
  custom:audio-encoder-webm-vorbis: bf7c407c2cedff20999df2af8eb42d56 -> 
========================================================================
Received Import Request.
  path: Assets/Shader/test.vfx
  artifactKey: Guid(9e783386caa7e724a8065bc56bb1369e) Importer(815301076,1909f56bfc062723c751e8b465ee728b)
Start importing Assets/Shader/test.vfx using Guid(9e783386caa7e724a8065bc56bb1369e) Importer(815301076,1909f56bfc062723c751e8b465ee728b)  -> (artifact id: 'd85cd946fad79c06e9abbe9ca5fb6d05') in 0.081610 seconds 
  Import took 0.086167 seconds .

========================================================================
Received Import Request.
  Time since last request: 4.977252 seconds.
  path: Assets/Shader/test.shadergraph
  artifactKey: Guid(64820eb7ebc92e046ab80999eec72fba) Importer(815301076,1909f56bfc062723c751e8b465ee728b)
Start importing Assets/Shader/test.shadergraph using Guid(64820eb7ebc92e046ab80999eec72fba) Importer(815301076,1909f56bfc062723c751e8b465ee728b)  -> (artifact id: 'f1c7e7c92259db8de0edb36ec22d8d4f') in 0.010048 seconds 
  Import took 0.014578 seconds .

========================================================================
Received Import Request.
  Time since last request: 0.966716 seconds.
  path: Assets/Shader/test.shadergraph
  artifactKey: Guid(64820eb7ebc92e046ab80999eec72fba) Importer(815301076,1909f56bfc062723c751e8b465ee728b)
Start importing Assets/Shader/test.shadergraph using Guid(64820eb7ebc92e046ab80999eec72fba) Importer(815301076,1909f56bfc062723c751e8b465ee728b)  -> (artifact id: 'f1c7e7c92259db8de0edb36ec22d8d4f') in 0.002619 seconds 
  Import took 0.007254 seconds .

========================================================================
Received Import Request.
  Time since last request: 7.595751 seconds.
  path: Assets/Shader/NEW_Shield.shadergraph
  artifactKey: Guid(64820eb7ebc92e046ab80999eec72fba) Importer(815301076,1909f56bfc062723c751e8b465ee728b)
Start importing Assets/Shader/NEW_Shield.shadergraph using Guid(64820eb7ebc92e046ab80999eec72fba) Importer(815301076,1909f56bfc062723c751e8b465ee728b)  -> (artifact id: '7b7bc61e4a250248203352ec7593674e') in 0.003753 seconds 
  Import took 0.008902 seconds .

========================================================================
Received Import Request.
  Time since last request: 191.373582 seconds.
  path: Assets/ExampleAssets/Textures/Wood/OBS_MetallicOcculusionSmoothness.tif
  artifactKey: Guid(22638a9216f1ebf4cb43273a00879f51) Importer(815301076,1909f56bfc062723c751e8b465ee728b)
Start importing Assets/ExampleAssets/Textures/Wood/OBS_MetallicOcculusionSmoothness.tif using Guid(22638a9216f1ebf4cb43273a00879f51) Importer(815301076,1909f56bfc062723c751e8b465ee728b)  -> (artifact id: '6a8a0460ae1a2195b43c66cc07fa797a') in 0.081188 seconds 
  Import took 0.096579 seconds .

========================================================================
Received Import Request.
  Time since last request: 0.000414 seconds.
  path: Assets/ExampleAssets/Textures/Wood/OBS_Normal.tif
  artifactKey: Guid(fcce267dfc966b6408dc2ebe0cfb60ed) Importer(815301076,1909f56bfc062723c751e8b465ee728b)
Start importing Assets/ExampleAssets/Textures/Wood/OBS_Normal.tif using Guid(fcce267dfc966b6408dc2ebe0cfb60ed) Importer(815301076,1909f56bfc062723c751e8b465ee728b)  -> (artifact id: 'dbcec2c86f031979aad0958962316296') in 0.041030 seconds 
  Import took 0.070923 seconds .

========================================================================
Received Import Request.
  Time since last request: 58.381201 seconds.
  path: Assets/Shader/newshield.mat
  artifactKey: Guid(84d29839d294e4d45bade41fe70e303b) Importer(815301076,1909f56bfc062723c751e8b465ee728b)
Start importing Assets/Shader/newshield.mat using Guid(84d29839d294e4d45bade41fe70e303b) Importer(815301076,1909f56bfc062723c751e8b465ee728b)  -> (artifact id: 'ddcb1bfd83e66d3cc5b9ff271657ae79') in 0.160867 seconds 
  Import took 0.189881 seconds .

========================================================================
Received Import Request.
  Time since last request: 156.462929 seconds.
  path: Assets/Shader/NEW_Shield.shadergraph
  artifactKey: Guid(64820eb7ebc92e046ab80999eec72fba) Importer(815301076,1909f56bfc062723c751e8b465ee728b)
Start importing Assets/Shader/NEW_Shield.shadergraph using Guid(64820eb7ebc92e046ab80999eec72fba) Importer(815301076,1909f56bfc062723c751e8b465ee728b)  -> (artifact id: 'ef7de0d0a4914ccfce8a32f06287b113') in 0.003065 seconds 
  Import took 0.008232 seconds .

========================================================================
Received Import Request.
  Time since last request: 0.309727 seconds.
  path: Assets/Shader/NEW_Shield.shadergraph
  artifactKey: Guid(64820eb7ebc92e046ab80999eec72fba) Importer(815301076,1909f56bfc062723c751e8b465ee728b)
Start importing Assets/Shader/NEW_Shield.shadergraph using Guid(64820eb7ebc92e046ab80999eec72fba) Importer(815301076,1909f56bfc062723c751e8b465ee728b)  -> (artifact id: 'ef7de0d0a4914ccfce8a32f06287b113') in 0.002897 seconds 
  Import took 0.008042 seconds .

========================================================================
Received Import Request.
  Time since last request: 114.833014 seconds.
  path: Assets/Shader/test.mat
  artifactKey: Guid(cfe7c9154f2f69648a14af4fbbbafb58) Importer(815301076,1909f56bfc062723c751e8b465ee728b)
Start importing Assets/Shader/test.mat using Guid(cfe7c9154f2f69648a14af4fbbbafb58) Importer(815301076,1909f56bfc062723c751e8b465ee728b)  -> (artifact id: '126f919e9eca5cd6c2ec097b6c2acd61') in 0.011759 seconds 
  Import took 0.018165 seconds .

========================================================================
Received Import Request.
  Time since last request: 1104.125078 seconds.
  path: Assets/ExampleAssets/Textures/Props/Paint/Paint1G_Albedo.tif
  artifactKey: Guid(2de0d72a6700bd94ea57111b29e246fc) Importer(815301076,1909f56bfc062723c751e8b465ee728b)
Start importing Assets/ExampleAssets/Textures/Props/Paint/Paint1G_Albedo.tif using Guid(2de0d72a6700bd94ea57111b29e246fc) Importer(815301076,1909f56bfc062723c751e8b465ee728b)  -> (artifact id: 'baad3048c79e6bcb70b3fcec0147164a') in 0.060561 seconds 
  Import took 0.065889 seconds .

========================================================================
Received Import Request.
  Time since last request: 0.000385 seconds.
  path: Assets/ExampleAssets/Textures/Props/Paint/Paint5G_AlbedoSmoothness.tif
  artifactKey: Guid(5d25a5cd577a4c54e94fdf9cc6f1a631) Importer(815301076,1909f56bfc062723c751e8b465ee728b)
Start importing Assets/ExampleAssets/Textures/Props/Paint/Paint5G_AlbedoSmoothness.tif using Guid(5d25a5cd577a4c54e94fdf9cc6f1a631) Importer(815301076,1909f56bfc062723c751e8b465ee728b)  -> (artifact id: '2196c9ee65912e7dd08692f2223be473') in 0.060642 seconds 
  Import took 0.064936 seconds .

========================================================================
Received Import Request.
  Time since last request: 0.000348 seconds.
  path: Assets/ExampleAssets/Textures/Props/Paint/Paint1G_Normal.tif
  artifactKey: Guid(ac80c335ebd6dde4fa54a82050064545) Importer(815301076,1909f56bfc062723c751e8b465ee728b)
Start importing Assets/ExampleAssets/Textures/Props/Paint/Paint1G_Normal.tif using Guid(ac80c335ebd6dde4fa54a82050064545) Importer(815301076,1909f56bfc062723c751e8b465ee728b)  -> (artifact id: '9296160e07ccf9e43dce144dc5274ed9') in 0.038200 seconds 
  Import took 0.042249 seconds .

========================================================================
Received Import Request.
  Time since last request: 0.000408 seconds.
  path: Assets/ExampleAssets/Textures/Props/Paint/Paint1G_MetallicOcculusionRoughness.tif
  artifactKey: Guid(ca084ebab0cef7c4ba746cdb442f9c1e) Importer(815301076,1909f56bfc062723c751e8b465ee728b)
Start importing Assets/ExampleAssets/Textures/Props/Paint/Paint1G_MetallicOcculusionRoughness.tif using Guid(ca084ebab0cef7c4ba746cdb442f9c1e) Importer(815301076,1909f56bfc062723c751e8b465ee728b)  -> (artifact id: 'fc70e8c20461963cba9978293b0f0d9e') in 0.036472 seconds 
  Import took 0.041058 seconds .

========================================================================
Received Import Request.
  Time since last request: 1.007152 seconds.
  path: Assets/ExampleAssets/Textures/Props/Paint/PaintAnimMask.tif
  artifactKey: Guid(5e98de278b2ccc14f89b76b85596a3f3) Importer(815301076,1909f56bfc062723c751e8b465ee728b)
Start importing Assets/ExampleAssets/Textures/Props/Paint/PaintAnimMask.tif using Guid(5e98de278b2ccc14f89b76b85596a3f3) Importer(815301076,1909f56bfc062723c751e8b465ee728b)  -> (artifact id: '23d2ae384dbac585d1f3e8f53c4e3b80') in 0.063067 seconds 
  Import took 0.067694 seconds .

========================================================================
Received Import Request.
  Time since last request: 0.000352 seconds.
  path: Assets/ExampleAssets/Textures/Props/Paint/Paintbrush_Albedo.tif
  artifactKey: Guid(4675081b0baf66345adc734388155502) Importer(815301076,1909f56bfc062723c751e8b465ee728b)
Start importing Assets/ExampleAssets/Textures/Props/Paint/Paintbrush_Albedo.tif using Guid(4675081b0baf66345adc734388155502) Importer(815301076,1909f56bfc062723c751e8b465ee728b)  -> (artifact id: '89ca61ddbf75ca5866b85d0756764c53') in 0.045067 seconds 
  Import took 0.049513 seconds .

========================================================================
Received Import Request.
  Time since last request: 1.245368 seconds.
  path: Assets/ExampleAssets/Textures/Props/Paint/Paintbrush_MetallicOcculusionSmoothness.tif
  artifactKey: Guid(888916a5e87c05948b1a97b3c0d42556) Importer(815301076,1909f56bfc062723c751e8b465ee728b)
Start importing Assets/ExampleAssets/Textures/Props/Paint/Paintbrush_MetallicOcculusionSmoothness.tif using Guid(888916a5e87c05948b1a97b3c0d42556) Importer(815301076,1909f56bfc062723c751e8b465ee728b)  -> (artifact id: '03fac32974c83167daf1599fb79099d5') in 0.037733 seconds 
  Import took 0.042215 seconds .

========================================================================
Received Import Request.
  Time since last request: 0.000333 seconds.
  path: Assets/ExampleAssets/Textures/Props/Paint/PaintLabel.tif
  artifactKey: Guid(e5c37ab0c7b37af4f981195d3caaf4b4) Importer(815301076,1909f56bfc062723c751e8b465ee728b)
Start importing Assets/ExampleAssets/Textures/Props/Paint/PaintLabel.tif using Guid(e5c37ab0c7b37af4f981195d3caaf4b4) Importer(815301076,1909f56bfc062723c751e8b465ee728b)  -> (artifact id: '38d0e91fe98668e1c8f5405e18297797') in 0.033105 seconds 
  Import took 0.037695 seconds .

========================================================================
Received Import Request.
  Time since last request: 0.000301 seconds.
  path: Assets/ExampleAssets/Textures/Plastic/Plastic_AlbedoSmoothness.tif
  artifactKey: Guid(1f89fed00b6bc904c861ab847a811cb8) Importer(815301076,1909f56bfc062723c751e8b465ee728b)
Start importing Assets/ExampleAssets/Textures/Plastic/Plastic_AlbedoSmoothness.tif using Guid(1f89fed00b6bc904c861ab847a811cb8) Importer(815301076,1909f56bfc062723c751e8b465ee728b)  -> (artifact id: 'e71673b2460f5a61031bf1c090cf1e3c') in 0.025326 seconds 
  Import took 0.030124 seconds .

========================================================================
Received Import Request.
  Time since last request: 0.000364 seconds.
  path: Assets/ExampleAssets/Textures/Plastic/Plastic_Normal.tif
  artifactKey: Guid(e109905c411b0f84e82eaaf2705ece30) Importer(815301076,1909f56bfc062723c751e8b465ee728b)
Start importing Assets/ExampleAssets/Textures/Plastic/Plastic_Normal.tif using Guid(e109905c411b0f84e82eaaf2705ece30) Importer(815301076,1909f56bfc062723c751e8b465ee728b)  -> (artifact id: '37251c1c2a079065f4023e97f0e4ed84') in 0.070457 seconds 
  Import took 0.075336 seconds .

========================================================================
Received Import Request.
  Time since last request: 0.000446 seconds.
  path: Assets/ExampleAssets/Textures/Props/Paint/Paintbrush_Normal.tif
  artifactKey: Guid(09e745bf0b8ff6a4bb5785d14168289a) Importer(815301076,1909f56bfc062723c751e8b465ee728b)
Start importing Assets/ExampleAssets/Textures/Props/Paint/Paintbrush_Normal.tif using Guid(09e745bf0b8ff6a4bb5785d14168289a) Importer(815301076,1909f56bfc062723c751e8b465ee728b)  -> (artifact id: 'bc148ec0a4cfdb90ccea67a63a5f2519') in 0.071256 seconds 
  Import took 0.075498 seconds .

========================================================================
Received Import Request.
  Time since last request: 0.000368 seconds.
  path: Assets/ExampleAssets/Textures/Plastic/PlasticRidges_Albedo.tif
  artifactKey: Guid(ecb23393a0d1b424a82fff68a4c00a66) Importer(815301076,1909f56bfc062723c751e8b465ee728b)
Start importing Assets/ExampleAssets/Textures/Plastic/PlasticRidges_Albedo.tif using Guid(ecb23393a0d1b424a82fff68a4c00a66) Importer(815301076,1909f56bfc062723c751e8b465ee728b)  -> (artifact id: '83b6a011c22ba5e6dc06e5abe017cc36') in 0.059760 seconds 
  Import took 0.064007 seconds .

========================================================================
Received Import Request.
  Time since last request: 1.194154 seconds.
  path: Assets/ExampleAssets/Textures/Plastic/PlasticRidges_MetallicOcculusionSmoothness.tif
  artifactKey: Guid(201c1f77fe872924a86132486bc97e82) Importer(815301076,1909f56bfc062723c751e8b465ee728b)
Start importing Assets/ExampleAssets/Textures/Plastic/PlasticRidges_MetallicOcculusionSmoothness.tif using Guid(201c1f77fe872924a86132486bc97e82) Importer(815301076,1909f56bfc062723c751e8b465ee728b)  -> (artifact id: '10be34a7de8cf0684f8f654a6652b994') in 0.086394 seconds 
  Import took 0.091241 seconds .

========================================================================
Received Import Request.
  Time since last request: 0.000355 seconds.
  path: Assets/ExampleAssets/Textures/Plastic/PlasticRough_Albedo.tif
  artifactKey: Guid(7b82d12aad56cc445b99fd1cf06a232d) Importer(815301076,1909f56bfc062723c751e8b465ee728b)
Start importing Assets/ExampleAssets/Textures/Plastic/PlasticRough_Albedo.tif using Guid(7b82d12aad56cc445b99fd1cf06a232d) Importer(815301076,1909f56bfc062723c751e8b465ee728b)  -> (artifact id: '8d16ce89834c03bf9103615fb67342cc') in 0.042315 seconds 
  Import took 0.062210 seconds .

========================================================================
Received Import Request.
  Time since last request: 0.000385 seconds.
  path: Assets/ExampleAssets/Textures/Plastic/PlasticRidges_Normal.tif
  artifactKey: Guid(c021d051fa0cba84282b4a2577aa85c5) Importer(815301076,1909f56bfc062723c751e8b465ee728b)
Start importing Assets/ExampleAssets/Textures/Plastic/PlasticRidges_Normal.tif using Guid(c021d051fa0cba84282b4a2577aa85c5) Importer(815301076,1909f56bfc062723c751e8b465ee728b)  -> (artifact id: 'b68b71f4c030c40fc9485b73bffddc4c') in 0.057586 seconds 
  Import took 0.061872 seconds .

========================================================================
Received Import Request.
  Time since last request: 0.000418 seconds.
  path: Assets/ExampleAssets/Textures/Plastic/PlasticRough_MetallicOcculusionSmoothness.tif
  artifactKey: Guid(ee7680f1374ab4449b6d5f6b2c2c1936) Importer(815301076,1909f56bfc062723c751e8b465ee728b)
Start importing Assets/ExampleAssets/Textures/Plastic/PlasticRough_MetallicOcculusionSmoothness.tif using Guid(ee7680f1374ab4449b6d5f6b2c2c1936) Importer(815301076,1909f56bfc062723c751e8b465ee728b)  -> (artifact id: '0d8f3cc92e3529bd0d2243bb1fbfbc85') in 0.049643 seconds 
  Import took 0.054387 seconds .

========================================================================
Received Import Request.
  Time since last request: 1.041862 seconds.
  path: Assets/ExampleAssets/Textures/Wood/Plywood_Albedo.tif
  artifactKey: Guid(9644eb6aca67672449e2bcbb0eab8e84) Importer(815301076,1909f56bfc062723c751e8b465ee728b)
Start importing Assets/ExampleAssets/Textures/Wood/Plywood_Albedo.tif using Guid(9644eb6aca67672449e2bcbb0eab8e84) Importer(815301076,1909f56bfc062723c751e8b465ee728b)  -> (artifact id: 'e5f043dde5911598ac47d23afa8f47ef') in 0.033830 seconds 
  Import took 0.038611 seconds .

========================================================================
Received Import Request.
  Time since last request: 0.000377 seconds.
  path: Assets/ExampleAssets/Textures/Wood/Plywood_MetallicOcculusionSmoothness.tif
  artifactKey: Guid(2e38f7921b7d7b1418ab63c08117ffb8) Importer(815301076,1909f56bfc062723c751e8b465ee728b)
Start importing Assets/ExampleAssets/Textures/Wood/Plywood_MetallicOcculusionSmoothness.tif using Guid(2e38f7921b7d7b1418ab63c08117ffb8) Importer(815301076,1909f56bfc062723c751e8b465ee728b)  -> (artifact id: 'c36d87215755cbaaaf0162aafd4e0cc6') in 0.024664 seconds 
  Import took 0.029853 seconds .

========================================================================
Received Import Request.
  Time since last request: 1.109589 seconds.
  path: Assets/ExampleAssets/Textures/Wood/Plywood_Normal.tif
  artifactKey: Guid(2148396b133b56f40baa7ea4fd22982a) Importer(815301076,1909f56bfc062723c751e8b465ee728b)
Start importing Assets/ExampleAssets/Textures/Wood/Plywood_Normal.tif using Guid(2148396b133b56f40baa7ea4fd22982a) Importer(815301076,1909f56bfc062723c751e8b465ee728b)  -> (artifact id: '54f0e6d3f83986c1d66cebda35a9f176') in 0.101919 seconds 
  Import took 0.115827 seconds .

========================================================================
Received Import Request.
  Time since last request: 0.000335 seconds.
  path: Assets/ExampleAssets/Textures/Props/HardHat/SafetyHat_MetallicOcculusionSmoothness.tif
  artifactKey: Guid(6f61f8dd4499250438f1aa39448e860a) Importer(815301076,1909f56bfc062723c751e8b465ee728b)
Start importing Assets/ExampleAssets/Textures/Props/HardHat/SafetyHat_MetallicOcculusionSmoothness.tif using Guid(6f61f8dd4499250438f1aa39448e860a) Importer(815301076,1909f56bfc062723c751e8b465ee728b)  -> (artifact id: '7da8a02f541ca8b0be7d8dd650944161') in 0.040845 seconds 
  Import took 0.064374 seconds .

========================================================================
Received Import Request.
  Time since last request: 0.000379 seconds.
  path: Assets/ExampleAssets/Textures/Props/HardHat/SafetyHat_Albedo.tif
  artifactKey: Guid(dd61af2ec9847eb4d8e17529fa61b143) Importer(815301076,1909f56bfc062723c751e8b465ee728b)
Start importing Assets/ExampleAssets/Textures/Props/HardHat/SafetyHat_Albedo.tif using Guid(dd61af2ec9847eb4d8e17529fa61b143) Importer(815301076,1909f56bfc062723c751e8b465ee728b)  -> (artifact id: 'eae31eab2a889d102de785b55bafaf5c') in 0.065533 seconds 
  Import took 0.070100 seconds .

========================================================================
Received Import Request.
  Time since last request: 0.000296 seconds.
  path: Assets/ExampleAssets/Textures/Props/HardHat/SafetyHat_Normal.tif
  artifactKey: Guid(d608c45da8580c9408ee50eb9a8c40f3) Importer(815301076,1909f56bfc062723c751e8b465ee728b)
Start importing Assets/ExampleAssets/Textures/Props/HardHat/SafetyHat_Normal.tif using Guid(d608c45da8580c9408ee50eb9a8c40f3) Importer(815301076,1909f56bfc062723c751e8b465ee728b)  -> (artifact id: 'edabf55598708ec864e27eafba61f877') in 0.052565 seconds 
  Import took 0.057005 seconds .

========================================================================
Received Import Request.
  Time since last request: 0.977685 seconds.
  path: Assets/TutorialInfo/Icons/UniversalIcon.png
  artifactKey: Guid(7801804018a7dcf42abb827444e18660) Importer(815301076,1909f56bfc062723c751e8b465ee728b)
Start importing Assets/TutorialInfo/Icons/UniversalIcon.png using Guid(7801804018a7dcf42abb827444e18660) Importer(815301076,1909f56bfc062723c751e8b465ee728b)  -> (artifact id: '70dba6c96f8467c6ab6ee1f498e38c96') in 0.044679 seconds 
  Import took 0.049761 seconds .

========================================================================
Received Import Request.
  Time since last request: 788.131937 seconds.
  path: Assets/Shader/NEW_Shield.shadergraph
  artifactKey: Guid(64820eb7ebc92e046ab80999eec72fba) Importer(815301076,1909f56bfc062723c751e8b465ee728b)
Start importing Assets/Shader/NEW_Shield.shadergraph using Guid(64820eb7ebc92e046ab80999eec72fba) Importer(815301076,1909f56bfc062723c751e8b465ee728b)  -> (artifact id: '0c211fdbec57e352053339ba7bcafe84') in 0.003845 seconds 
  Import took 0.010372 seconds .

========================================================================
Received Import Request.
  Time since last request: 0.000378 seconds.
  path: Assets/Shader/NEW_Shield.shadergraph
  artifactKey: Guid(64820eb7ebc92e046ab80999eec72fba) Importer(815301076,1909f56bfc062723c751e8b465ee728b)
Start importing Assets/Shader/NEW_Shield.shadergraph using Guid(64820eb7ebc92e046ab80999eec72fba) Importer(815301076,1909f56bfc062723c751e8b465ee728b)  -> (artifact id: '0c211fdbec57e352053339ba7bcafe84') in 0.003800 seconds 
  Import took 0.009698 seconds .

========================================================================
Received Import Request.
  Time since last request: 18.422671 seconds.
  path: Assets/Shader/shieldshader.mat
  artifactKey: Guid(144e3e78042fec94abb72fddc5d071fa) Importer(815301076,1909f56bfc062723c751e8b465ee728b)
Start importing Assets/Shader/shieldshader.mat using Guid(144e3e78042fec94abb72fddc5d071fa) Importer(815301076,1909f56bfc062723c751e8b465ee728b)  -> (artifact id: '74710f0c4910d18b8e7c5163e634aa91') in 0.009257 seconds 
  Import took 0.014368 seconds .

AssetImportWorkerClient::OnTransportError - code=2 error=End of file
