Using pre-set license
Built from '2020.3/staging' branch; Version is '2020.3.13f1 (71691879b7f5) revision 7432472'; Using compiler version '192528614'; Build Type 'Release'
OS: 'Windows 10 Education; OS build 19044.1766; Version 2009; 64bit' Language: 'ko' Physical Memory: 32706 MB
BatchMode: 1, IsHumanControllingUs: 0, StartBugReporterOnCrash: 0, Is64bit: 1, IsPro: 0

 COMMAND LINE ARGUMENTS:
C:\Program Files\2020.3.13f1\Editor\Unity.exe
-adb2
-batchMode
-noUpm
-name
AssetImportWorker0
-projectPath
E:/쉐이더 테스트/shader_Graph_Test/Shader_practice
-logFile
Logs/AssetImportWorker0.log
-srvPort
54256
Successfully changed project path to: E:/쉐이더 테스트/shader_Graph_Test/Shader_practice
E:/쉐이더 테스트/shader_Graph_Test/Shader_practice
Using Asset Import Pipeline V2.
Refreshing native plugins compatible for Editor in 69.49 ms, found 2 plugins.
Preloading 0 native plugins for Editor in 0.00 ms.
Initialize engine version: 2020.3.13f1 (71691879b7f5)
[Subsystems] Discovering subsystems at path C:/Program Files/2020.3.13f1/Editor/Data/Resources/UnitySubsystems
[Subsystems] Discovering subsystems at path E:/쉐이더 테스트/shader_Graph_Test/Shader_practice/Assets
GfxDevice: creating device client; threaded=0
Direct3D:
    Version:  Direct3D 11.0 [level 11.1]
    Renderer: NVIDIA GeForce GTX 1050 Ti (ID=0x1c82)
    Vendor:   
    VRAM:     4018 MB
    Driver:   30.0.14.7111
Shader 'Universal Render Pipeline/Particles/Lit': fallback shader 'Universal Render Pipeline/Particles/SimpleLit' not found
Initialize mono
Mono path[0] = 'C:/Program Files/2020.3.13f1/Editor/Data/Managed'
Mono path[1] = 'C:/Program Files/2020.3.13f1/Editor/Data/MonoBleedingEdge/lib/mono/unityjit'
Mono config path = 'C:/Program Files/2020.3.13f1/Editor/Data/MonoBleedingEdge/etc'
Using monoOptions --debugger-agent=transport=dt_socket,embedding=1,server=y,suspend=n,address=127.0.0.1:56032
Begin MonoManager ReloadAssembly
Registering precompiled unity dll's ...
Register platform support module: C:/Program Files/2020.3.13f1/Editor/Data/PlaybackEngines/WindowsStandaloneSupport/UnityEditor.WindowsStandalone.Extensions.dll
Registered in 0.003662 seconds.
Native extension for WindowsStandalone target not found
Refreshing native plugins compatible for Editor in 63.84 ms, found 2 plugins.
Preloading 0 native plugins for Editor in 0.00 ms.
Mono: successfully reloaded assembly
- Completed reload, in  2.568 seconds
Platform modules already initialized, skipping
Registering precompiled user dll's ...
Registered in 0.007643 seconds.
Begin MonoManager ReloadAssembly
Native extension for WindowsStandalone target not found
Refreshing native plugins compatible for Editor in 62.05 ms, found 2 plugins.
Preloading 0 native plugins for Editor in 0.00 ms.
Mono: successfully reloaded assembly
- Completed reload, in  1.196 seconds
Platform modules already initialized, skipping
========================================================================
Worker process is ready to serve import requests
Shader 'Universal Render Pipeline/Particles/Lit': fallback shader 'Universal Render Pipeline/Particles/SimpleLit' not found
Launched and connected shader compiler UnityShaderCompiler.exe after 0.05 seconds
Refreshing native plugins compatible for Editor in 1.95 ms, found 2 plugins.
Preloading 0 native plugins for Editor in 0.00 ms.
Unloading 3414 Unused Serialized files (Serialized files now loaded: 0)
System memory in use before: 178.1 MB.
System memory in use after: 178.3 MB.

Unloading 19 unused Assets to reduce memory usage. Loaded Objects now: 3861.
Total: 3.149200 ms (FindLiveObjects: 0.310000 ms CreateObjectMapping: 0.154200 ms MarkObjects: 2.482800 ms  DeleteObjects: 0.201200 ms)

AssetImportParameters requested are different than current active one (requested -> active):
  custom:framework-win-MediaFoundation: 216162199b28c13a410421893ffa2e32 -> 
  custom:video-decoder-ogg-theora: a1e56fd34408186e4bbccfd4996cb3dc -> 
  custom:container-muxer-webm: aa71ff27fc2769a1b78a27578f13a17b -> 
  custom:container-demuxer-webm: 4f35f7cbe854078d1ac9338744f61a02 -> 
  custom:container-demuxer-ogg: 62fdf1f143b41e24485cea50d1cbac27 -> 
  custom:video-encoder-webm-vp8: eb34c28f22e8b96e1ab97ce403110664 -> 
  custom:video-decoder-webm-vp8: 9c59270c3fd7afecdb556c50c9e8de78 -> 
  custom:audio-decoder-ogg-vorbis: bf7c407c2cedff20999df2af8eb42d56 -> 
  custom:audio-encoder-webm-vorbis: bf7c407c2cedff20999df2af8eb42d56 -> 
========================================================================
Received Import Request.
  path: Assets/Shader/LightSpot/SpotMat.mat
  artifactKey: Guid(0faf0daf3d4a5f24cac2603bee17065a) Importer(815301076,1909f56bfc062723c751e8b465ee728b)
Start importing Assets/Shader/LightSpot/SpotMat.mat using Guid(0faf0daf3d4a5f24cac2603bee17065a) Importer(815301076,1909f56bfc062723c751e8b465ee728b)  -> (artifact id: 'b07457dba6c7f33ace5cf4b94857ee2a') in 0.223455 seconds 
  Import took 0.228310 seconds .

========================================================================
Received Import Request.
  Time since last request: 0.000342 seconds.
  path: Assets/Shader/LightSpot/LightBuild.prefab
  artifactKey: Guid(b27b876b9b20bf44d98ad5190fff3af6) Importer(815301076,1909f56bfc062723c751e8b465ee728b)
Start importing Assets/Shader/LightSpot/LightBuild.prefab using Guid(b27b876b9b20bf44d98ad5190fff3af6) Importer(815301076,1909f56bfc062723c751e8b465ee728b)  -> (artifact id: 'f848d26109c6565afa6ef46fbf3861c1') in 0.011575 seconds 
  Import took 0.016376 seconds .

========================================================================
Received Prepare
Registering precompiled user dll's ...
Registered in 0.007746 seconds.
Begin MonoManager ReloadAssembly
Native extension for WindowsStandalone target not found
Refreshing native plugins compatible for Editor in 0.59 ms, found 2 plugins.
Preloading 0 native plugins for Editor in 0.00 ms.
Mono: successfully reloaded assembly
- Completed reload, in  1.493 seconds
Platform modules already initialized, skipping
Shader 'Universal Render Pipeline/Particles/Lit': fallback shader 'Universal Render Pipeline/Particles/SimpleLit' not found
Refreshing native plugins compatible for Editor in 0.62 ms, found 2 plugins.
Preloading 0 native plugins for Editor in 0.00 ms.
Unloading 3215 Unused Serialized files (Serialized files now loaded: 0)
System memory in use before: 167.2 MB.
System memory in use after: 167.4 MB.

Unloading 14 unused Assets to reduce memory usage. Loaded Objects now: 3942.
Total: 3.295600 ms (FindLiveObjects: 0.623600 ms CreateObjectMapping: 0.270200 ms MarkObjects: 2.380200 ms  DeleteObjects: 0.020100 ms)

AssetImportParameters requested are different than current active one (requested -> active):
  custom:framework-win-MediaFoundation: 216162199b28c13a410421893ffa2e32 -> 
  custom:video-decoder-ogg-theora: a1e56fd34408186e4bbccfd4996cb3dc -> 
  custom:container-muxer-webm: aa71ff27fc2769a1b78a27578f13a17b -> 
  custom:container-demuxer-webm: 4f35f7cbe854078d1ac9338744f61a02 -> 
  custom:container-demuxer-ogg: 62fdf1f143b41e24485cea50d1cbac27 -> 
  custom:video-encoder-webm-vp8: eb34c28f22e8b96e1ab97ce403110664 -> 
  custom:video-decoder-webm-vp8: 9c59270c3fd7afecdb556c50c9e8de78 -> 
  custom:audio-decoder-ogg-vorbis: bf7c407c2cedff20999df2af8eb42d56 -> 
  custom:audio-encoder-webm-vorbis: bf7c407c2cedff20999df2af8eb42d56 -> 
========================================================================
Received Import Request.
  Time since last request: 2636.038603 seconds.
  path: Assets/Shader/LightSpot/Beam3 1.png
  artifactKey: Guid(36e57ec1915fc6547bdda394a9f1236a) Importer(815301076,1909f56bfc062723c751e8b465ee728b)
Start importing Assets/Shader/LightSpot/Beam3 1.png using Guid(36e57ec1915fc6547bdda394a9f1236a) Importer(815301076,1909f56bfc062723c751e8b465ee728b)  -> (artifact id: '739d850520a508e80b9c256ececb4888') in 0.070797 seconds 
  Import took 0.076420 seconds .

========================================================================
Received Import Request.
  Time since last request: 14.495113 seconds.
  path: Assets/Shader/LightSpot/Beam3 1.png
  artifactKey: Guid(36e57ec1915fc6547bdda394a9f1236a) Importer(815301076,1909f56bfc062723c751e8b465ee728b)
Start importing Assets/Shader/LightSpot/Beam3 1.png using Guid(36e57ec1915fc6547bdda394a9f1236a) Importer(815301076,1909f56bfc062723c751e8b465ee728b)  -> (artifact id: '884614d1d682f4839dce2f72ab3f5d3e') in 0.007002 seconds 
  Import took 0.013193 seconds .

========================================================================
Received Import Request.
  Time since last request: 0.002422 seconds.
  path: Assets/Shader/LightSpot/Beam3 1.png
  artifactKey: Guid(36e57ec1915fc6547bdda394a9f1236a) Importer(815301076,1909f56bfc062723c751e8b465ee728b)
Start importing Assets/Shader/LightSpot/Beam3 1.png using Guid(36e57ec1915fc6547bdda394a9f1236a) Importer(815301076,1909f56bfc062723c751e8b465ee728b)  -> (artifact id: '884614d1d682f4839dce2f72ab3f5d3e') in 0.005500 seconds 
  Import took 0.011038 seconds .

========================================================================
Received Import Request.
  Time since last request: 226.423750 seconds.
  path: Assets/Shader/Wave_Shader/Wave.shadergraph
  artifactKey: Guid(a35b64d994abe154a97352f15fee1196) Importer(815301076,1909f56bfc062723c751e8b465ee728b)
Start importing Assets/Shader/Wave_Shader/Wave.shadergraph using Guid(a35b64d994abe154a97352f15fee1196) Importer(815301076,1909f56bfc062723c751e8b465ee728b)  -> (artifact id: '7f6ebb030b47a8d6639609b7db4c1957') in 0.025491 seconds 
  Import took 0.031266 seconds .

========================================================================
Received Import Request.
  Time since last request: 0.000849 seconds.
  path: Assets/Shader/Wave_Shader/Wave.shadergraph
  artifactKey: Guid(a35b64d994abe154a97352f15fee1196) Importer(815301076,1909f56bfc062723c751e8b465ee728b)
Start importing Assets/Shader/Wave_Shader/Wave.shadergraph using Guid(a35b64d994abe154a97352f15fee1196) Importer(815301076,1909f56bfc062723c751e8b465ee728b)  -> (artifact id: '7f6ebb030b47a8d6639609b7db4c1957') in 0.002107 seconds 
  Import took 0.007403 seconds .

